<?xml version="1.0" encoding="UTF-8"?>
<!-- Generated by org.testng.reporters.JUnitReportReporter -->
<testsuite hostname="DESKTOP-HV6VPL8" failures="0" tests="1" name="Scripts.AddToCart" time="14.159" errors="0" timestamp="2021-05-21T11:01:49 IST" skipped="0">
  <testcase classname="Scripts.AddToCart" name="addProduct" time="14.159"/>
  <system-out/>
</testsuite> <!-- Scripts.AddToCart -->
