<?xml version="1.0" encoding="UTF-8"?>
<!-- Generated by org.testng.reporters.JUnitReportReporter -->
<testsuite hostname="DESKTOP-HV6VPL8" failures="0" tests="1" name="Scripts.TakeThisCourse" time="31.741" errors="0" timestamp="2021-06-07T19:36:57 IST" skipped="0">
  <testcase classname="Scripts.TakeThisCourse" name="takeThisCourse" time="31.741"/>
  <system-out/>
</testsuite> <!-- Scripts.TakeThisCourse -->
