<?xml version="1.0" encoding="UTF-8"?>
<!-- Generated by org.testng.reporters.JUnitReportReporter -->
<testsuite hostname="DESKTOP-HV6VPL8" failures="0" tests="1" name="Scripts.EassyEditor" time="28.568" errors="0" timestamp="2021-06-18T16:11:17 IST" skipped="0">
  <testcase classname="Scripts.EassyEditor" name="editor" time="28.568"/>
  <system-out/>
</testsuite> <!-- Scripts.EassyEditor -->
