<?xml version="1.0" encoding="UTF-8"?>
<!-- Generated by org.testng.reporters.JUnitReportReporter -->
<testsuite hostname="DESKTOP-HV6VPL8" failures="0" tests="1" name="Scripts.MyCourse" time="31.393" errors="0" timestamp="2021-06-16T10:32:48 IST" skipped="0">
  <testcase classname="Scripts.MyCourse" name="myCourse" time="31.393"/>
  <system-out/>
</testsuite> <!-- Scripts.MyCourse -->
