<?xml version="1.0" encoding="UTF-8"?>
<!-- Generated by org.testng.reporters.JUnitReportReporter -->
<testsuite hostname="DESKTOP-HV6VPL8" failures="0" tests="1" name="Scripts.AddToCart" time="13.370" errors="0" timestamp="2021-05-22T20:29:56 IST" skipped="0">
  <testcase classname="Scripts.AddToCart" name="addProduct" time="13.370"/>
  <system-out/>
</testsuite> <!-- Scripts.AddToCart -->
