<?xml version="1.0" encoding="UTF-8"?>
<!-- Generated by org.testng.reporters.JUnitReportReporter -->
<testsuite hostname="DESKTOP-HV6VPL8" failures="0" tests="1" name="Scripts.ContactUs" time="40.488" errors="0" timestamp="2021-06-07T19:36:57 IST" skipped="0">
  <testcase classname="Scripts.ContactUs" name="contactUspage" time="40.488"/>
  <system-out/>
</testsuite> <!-- Scripts.ContactUs -->
