<?xml version="1.0" encoding="UTF-8"?>
<!-- Generated by org.testng.reporters.JUnitReportReporter -->
<testsuite hostname="DESKTOP-HV6VPL8" failures="0" tests="1" name="Scripts.Career" time="29.112" errors="0" timestamp="2021-06-16T10:34:57 IST" skipped="0">
  <testcase classname="Scripts.Career" name="myCourse" time="29.112"/>
  <system-out/>
</testsuite> <!-- Scripts.Career -->
