<?xml version="1.0" encoding="UTF-8"?>
<!-- Generated by org.testng.reporters.JUnitReportReporter -->
<testsuite hostname="DESKTOP-HV6VPL8" failures="0" tests="1" name="Scripts.ContactUs" time="15.185" errors="0" timestamp="2021-05-22T20:52:14 IST" skipped="0">
  <testcase classname="Scripts.ContactUs" name="contactUspage" time="15.185"/>
  <system-out/>
</testsuite> <!-- Scripts.ContactUs -->
