<?xml version="1.0" encoding="UTF-8"?>
<!-- Generated by org.testng.reporters.JUnitReportReporter -->
<testsuite hostname="DESKTOP-HV6VPL8" failures="0" tests="1" name="Scripts.Categories" time="28.382" errors="0" timestamp="2021-06-15T19:34:24 IST" skipped="0">
  <testcase classname="Scripts.Categories" name="categories" time="28.382"/>
  <system-out/>
</testsuite> <!-- Scripts.Categories -->
