<?xml version="1.0" encoding="UTF-8"?>
<!-- Generated by org.testng.reporters.JUnitReportReporter -->
<testsuite hostname="DESKTOP-HV6VPL8" failures="0" tests="1" name="Scripts.TakeThisCourse" time="27.889" errors="0" timestamp="2021-05-22T20:29:56 IST" skipped="0">
  <testcase classname="Scripts.TakeThisCourse" name="takeThisCourse" time="27.889"/>
  <system-out/>
</testsuite> <!-- Scripts.TakeThisCourse -->
